{
  "RSpec": {
    "coverage": {
      "/home/victor/workspace/campuscode/exercises/emprego-ja/app/models/user.rb": [
        1,
        null,
        null,
        1,
        null,
        null,
        1,
        null
      ],
      "/home/victor/workspace/campuscode/exercises/emprego-ja/app/helpers/application_helper.rb": [
        1,
        null
      ],
      "/home/victor/workspace/campuscode/exercises/emprego-ja/app/models/company.rb": [
        1,
        1,
        1,
        1,
        null,
        1,
        33,
        null,
        null
      ],
      "/home/victor/workspace/campuscode/exercises/emprego-ja/app/models/job.rb": [
        1,
        1,
        1,
        null,
        1,
        1,
        1,
        null,
        1,
        null,
        1,
        46,
        null,
        null,
        1,
        46,
        null,
        null
      ],
      "/home/victor/workspace/campuscode/exercises/emprego-ja/app/controllers/application_controller.rb": [
        1,
        null,
        null,
        1,
        null
      ],
      "/home/victor/workspace/campuscode/exercises/emprego-ja/app/controllers/home_controller.rb": [
        1,
        null,
        1,
        30,
        30,
        30,
        30,
        null,
        null,
        null
      ],
      "/home/victor/workspace/campuscode/exercises/emprego-ja/app/models/category.rb": [
        1,
        1,
        1,
        null
      ],
      "/home/victor/workspace/campuscode/exercises/emprego-ja/app/models/contract.rb": [
        1,
        1,
        null
      ],
      "/home/victor/workspace/campuscode/exercises/emprego-ja/app/controllers/categories_controller.rb": [
        1,
        1,
        1,
        1,
        null,
        null,
        1,
        2,
        null,
        null,
        1,
        2,
        2,
        1,
        null,
        1,
        1,
        null,
        null,
        null,
        1,
        null,
        1,
        2,
        null,
        null,
        1,
        2,
        null,
        null
      ],
      "/home/victor/workspace/campuscode/exercises/emprego-ja/app/controllers/companies_controller.rb": [
        1,
        1,
        1,
        1,
        null,
        1,
        null,
        null,
        1,
        2,
        null,
        null,
        1,
        2,
        2,
        1,
        null,
        1,
        1,
        null,
        null,
        null,
        1,
        null,
        null,
        1,
        2,
        1,
        null,
        1,
        1,
        null,
        null,
        null,
        1,
        null,
        1,
        4,
        null,
        null,
        1,
        9,
        null,
        null,
        1,
        5,
        1,
        1,
        null,
        null,
        null,
        null,
        null
      ],
      "/home/victor/workspace/campuscode/exercises/emprego-ja/app/controllers/jobs_controller.rb": [
        1,
        1,
        1,
        1,
        null,
        1,
        null,
        null,
        1,
        3,
        null,
        null,
        1,
        3,
        3,
        2,
        null,
        1,
        1,
        null,
        null,
        null,
        1,
        null,
        null,
        1,
        3,
        2,
        null,
        1,
        1,
        null,
        null,
        null,
        1,
        null,
        1,
        6,
        null,
        null,
        1,
        12,
        12,
        12,
        null,
        null,
        1,
        17,
        null,
        null
      ],
      "/home/victor/workspace/campuscode/exercises/emprego-ja/app/controllers/contracts_controller.rb": [
        1,
        1,
        null,
        1,
        null,
        null,
        null,
        1,
        null,
        1,
        1,
        null,
        null
      ]
    },
    "timestamp": 1454205879
  }
}
